<?xml version="1.0" encoding="UTF-8"?>
<!-- Generated by org.testng.reporters.JUnitReportReporter -->
<testsuite skipped="0" hostname="SYSLT009" name="gitPractice.GoogleChennai" tests="2" failures="0" timestamp="2020-01-13T13:32:05 IST" time="26.767" errors="0">
  <testcase name="googleChennai" time="12.174" classname="gitPractice.GoogleChennai"/>
  <testcase name="googleChennai" time="14.593" classname="gitPractice.GoogleChennai"/>
</testsuite> <!-- gitPractice.GoogleChennai -->
