<?xml version="1.0" encoding="UTF-8"?>
<!-- Generated by org.testng.reporters.JUnitReportReporter -->
<testsuite skipped="0" hostname="SYSLT009" name="gitPractice.GoogleChennai" tests="2" failures="0" timestamp="2020-01-14T14:33:42 IST" time="20.306" errors="0">
  <testcase name="googleChennai" time="11.565" classname="gitPractice.GoogleChennai"/>
  <testcase name="googleChennai" time="8.741" classname="gitPractice.GoogleChennai"/>
</testsuite> <!-- gitPractice.GoogleChennai -->
